<?xml version="1.0" encoding="UTF-8"?>
<!-- Generated by org.testng.reporters.JUnitXMLReporter -->
<testsuite hostname="ATMECSINLT-085" ignored="0" name="Test validate FIREFOXcom.atmecs.jenkins_parameter.testscripts.TestVerifyNinjaStore" tests="1" failures="0" timestamp="13 Nov 2019 15:33:41 GMT" time="106.853" errors="0">
  <testcase name="verifyNinjaStore" time="51.102" classname="com.atmecs.jenkins_parameter.testscripts.TestVerifyNinjaStore"/>
</testsuite> <!-- Test validate FIREFOXcom.atmecs.jenkins_parameter.testscripts.TestVerifyNinjaStore -->
