<?xml version="1.0" encoding="UTF-8"?>
<!-- Generated by org.testng.reporters.JUnitXMLReporter -->
<testsuite hostname="ATMECSINLT-085" ignored="0" name="Test validate IEcom.atmecs.jenkins_parameter.testscripts.TestVerifyHeatClinic" tests="1" failures="0" timestamp="13 Nov 2019 15:23:46 GMT" time="0.219" errors="0">
  <testcase name="@BeforeTest baseSetup" time="0.214" classname="com.atmecs.jenkins_parameter.testbase.TestBase">
    <failure type="java.lang.IllegalStateException" message="The path to the driver executable must be set by the webdriver.ie.driver system property; for more information, see https://github.com/SeleniumHQ/selenium/wiki/InternetExplorerDriver. The latest version can be downloaded from http://selenium-release.storage.googleapis.com/index.html">
      <![CDATA[java.lang.IllegalStateException: The path to the driver executable must be set by the webdriver.ie.driver system property; for more information, see https://github.com/SeleniumHQ/selenium/wiki/InternetExplorerDriver. The latest version can be downloaded from http://selenium-release.storage.googleapis.com/index.html
at com.google.common.base.Preconditions.checkState(Preconditions.java:847)
at org.openqa.selenium.remote.service.DriverService.findExecutable(DriverService.java:134)
at org.openqa.selenium.ie.InternetExplorerDriverService.access$000(InternetExplorerDriverService.java:35)
at org.openqa.selenium.ie.InternetExplorerDriverService$Builder.findDefaultExecutable(InternetExplorerDriverService.java:175)
at org.openqa.selenium.remote.service.DriverService$Builder.build(DriverService.java:355)
at org.openqa.selenium.ie.InternetExplorerDriver.setupService(InternetExplorerDriver.java:281)
at org.openqa.selenium.ie.InternetExplorerDriver.<init>(InternetExplorerDriver.java:211)
at org.openqa.selenium.ie.InternetExplorerDriver.<init>(InternetExplorerDriver.java:158)
at com.atmecs.jenkins_parameter.testbase.TestBase.baseSetup(TestBase.java:104)
at java.util.concurrent.FutureTask.run(Unknown Source)
at java.util.concurrent.ThreadPoolExecutor.runWorker(Unknown Source)
at java.util.concurrent.ThreadPoolExecutor$Worker.run(Unknown Source)
at java.lang.Thread.run(Unknown Source)
... Removed 15 stack frames]]>
    </failure>
  </testcase> <!-- @BeforeTest baseSetup -->
  <testcase name="@BeforeClass webURLLoader" time="0.0" classname="com.atmecs.jenkins_parameter.testscripts.TestVerifyHeatClinic">
    <skipped/>
  </testcase> <!-- @BeforeClass webURLLoader -->
  <testcase name="@AfterTest endDriver" time="0.0" classname="com.atmecs.jenkins_parameter.testbase.TestBase">
    <skipped/>
  </testcase> <!-- @AfterTest endDriver -->
  <testcase name="@BeforeTest baseSetup" time="0.251" classname="com.atmecs.jenkins_parameter.testbase.TestBase">
    <failure type="java.lang.IllegalStateException" message="The path to the driver executable must be set by the webdriver.ie.driver system property; for more information, see https://github.com/SeleniumHQ/selenium/wiki/InternetExplorerDriver. The latest version can be downloaded from http://selenium-release.storage.googleapis.com/index.html">
      <![CDATA[java.lang.IllegalStateException: The path to the driver executable must be set by the webdriver.ie.driver system property; for more information, see https://github.com/SeleniumHQ/selenium/wiki/InternetExplorerDriver. The latest version can be downloaded from http://selenium-release.storage.googleapis.com/index.html
at com.google.common.base.Preconditions.checkState(Preconditions.java:847)
at org.openqa.selenium.remote.service.DriverService.findExecutable(DriverService.java:134)
at org.openqa.selenium.ie.InternetExplorerDriverService.access$000(InternetExplorerDriverService.java:35)
at org.openqa.selenium.ie.InternetExplorerDriverService$Builder.findDefaultExecutable(InternetExplorerDriverService.java:175)
at org.openqa.selenium.remote.service.DriverService$Builder.build(DriverService.java:355)
at org.openqa.selenium.ie.InternetExplorerDriver.setupService(InternetExplorerDriver.java:281)
at org.openqa.selenium.ie.InternetExplorerDriver.<init>(InternetExplorerDriver.java:211)
at org.openqa.selenium.ie.InternetExplorerDriver.<init>(InternetExplorerDriver.java:158)
at com.atmecs.jenkins_parameter.testbase.TestBase.baseSetup(TestBase.java:104)
at java.util.concurrent.FutureTask.run(Unknown Source)
at java.util.concurrent.ThreadPoolExecutor.runWorker(Unknown Source)
at java.util.concurrent.ThreadPoolExecutor$Worker.run(Unknown Source)
at java.lang.Thread.run(Unknown Source)
... Removed 15 stack frames]]>
    </failure>
  </testcase> <!-- @BeforeTest baseSetup -->
  <testcase name="@BeforeClass webURLLoader" time="0.0" classname="com.atmecs.jenkins_parameter.testscripts.TestVerifyNinjaStore">
    <skipped/>
  </testcase> <!-- @BeforeClass webURLLoader -->
  <testcase name="@AfterTest endDriver" time="0.0" classname="com.atmecs.jenkins_parameter.testbase.TestBase">
    <skipped/>
  </testcase> <!-- @AfterTest endDriver -->
  <testcase name="verifyHeatClinic" time="0.0" classname="com.atmecs.jenkins_parameter.testscripts.TestVerifyHeatClinic">
    <skipped/>
  </testcase> <!-- verifyHeatClinic -->
</testsuite> <!-- Test validate IEcom.atmecs.jenkins_parameter.testscripts.TestVerifyHeatClinic -->
