<?xml version="1.0" encoding="UTF-8"?>
<!-- Generated by org.testng.reporters.JUnitXMLReporter -->
<testsuite hostname="ATMECSINLT-085" ignored="0" name="Test validate FIREFOXcom.atmecs.jenkins_parameter.testscripts.TestVerifyHeatClinic" tests="1" failures="0" timestamp="13 Nov 2019 15:33:34 GMT" time="100.383" errors="0">
  <testcase name="verifyHeatClinic" time="21.048" classname="com.atmecs.jenkins_parameter.testscripts.TestVerifyHeatClinic"/>
</testsuite> <!-- Test validate FIREFOXcom.atmecs.jenkins_parameter.testscripts.TestVerifyHeatClinic -->
