<?xml version="1.0" encoding="UTF-8"?>
<testng-results skipped="0" failed="0" ignored="0" total="1" passed="1">
  <reporter-output>
  </reporter-output>
  <suite name="Default suite" duration-ms="108311" started-at="2019-11-13T15:31:53Z" finished-at="2019-11-13T15:33:41Z">
    <groups>
    </groups>
    <test name="Default test" duration-ms="108311" started-at="2019-11-13T15:31:53Z" finished-at="2019-11-13T15:33:41Z">
      <class name="com.atmecs.jenkins_parameter.testbase.TestNGPrallel">
        <test-method status="PASS" signature="xmlsuite()[pri:0, instance:com.atmecs.jenkins_parameter.testbase.TestNGPrallel@3bfdc050]" name="xmlsuite" duration-ms="108253" started-at="2019-11-13T15:31:53Z" finished-at="2019-11-13T15:33:41Z">
          <reporter-output>
          </reporter-output>
        </test-method> <!-- xmlsuite -->
      </class> <!-- com.atmecs.jenkins_parameter.testbase.TestNGPrallel -->
    </test> <!-- Default test -->
  </suite> <!-- Default suite -->
</testng-results>
